{
"contracts\\StackelbergGame.sol":{"l":{"49":4,"52":4,"54":4,"55":4,"56":20,"65":11,"66":10,"67":10,"68":10,"72":31,"73":30,"74":27,"76":26,"77":26,"78":26,"79":26,"81":26,"88":6,"89":5,"90":5,"103":1,"112":5,"121":5,"130":6},"path":"C:\\Users\\usuario\\Documents\\CF_m_MIMO_SG_github\\contracts\\StackelbergGame.sol","s":{"1":4,"2":4,"3":4,"4":4,"5":20,"6":11,"7":10,"8":31,"9":30,"10":27,"11":26,"12":26,"13":6,"14":5,"15":1,"16":5,"17":5,"18":6},"b":{"1":[11,1],"2":[10,1],"3":[31,1],"4":[30,1],"5":[27,3],"6":[26,1],"7":[6,1],"8":[5,1]},"f":{"1":4,"2":11,"3":31,"4":6,"5":1,"6":5,"7":5,"8":6},"fnMap":{"1":{"name":"constructor","line":48,"loc":{"start":{"line":48,"column":4},"end":{"line":58,"column":4}}},"2":{"name":"initialize","line":64,"loc":{"start":{"line":64,"column":4},"end":{"line":69,"column":4}}},"3":{"name":"input","line":71,"loc":{"start":{"line":71,"column":4},"end":{"line":82,"column":4}}},"4":{"name":"initEvaluation","line":87,"loc":{"start":{"line":87,"column":4},"end":{"line":91,"column":4}}},"5":{"name":"participantsOf","line":102,"loc":{"start":{"line":102,"column":4},"end":{"line":104,"column":4}}},"6":{"name":"priceOf","line":111,"loc":{"start":{"line":111,"column":4},"end":{"line":113,"column":4}}},"7":{"name":"bandwidthOf","line":120,"loc":{"start":{"line":120,"column":4},"end":{"line":122,"column":4}}},"8":{"name":"stateOf","line":129,"loc":{"start":{"line":129,"column":4},"end":{"line":131,"column":4}}}},"statementMap":{"1":{"start":{"line":49,"column":8},"end":{"line":49,"column":34}},"2":{"start":{"line":52,"column":8},"end":{"line":52,"column":35}},"3":{"start":{"line":54,"column":8},"end":{"line":54,"column":35}},"4":{"start":{"line":55,"column":8},"end":{"line":55,"column":1542}},"5":{"start":{"line":56,"column":12},"end":{"line":56,"column":37}},"6":{"start":{"line":65,"column":8},"end":{"line":65,"column":48}},"7":{"start":{"line":68,"column":8},"end":{"line":68,"column":22}},"8":{"start":{"line":72,"column":8},"end":{"line":72,"column":46}},"9":{"start":{"line":73,"column":8},"end":{"line":73,"column":89}},"10":{"start":{"line":74,"column":8},"end":{"line":74,"column":100}},"11":{"start":{"line":76,"column":8},"end":{"line":76,"column":46}},"12":{"start":{"line":81,"column":8},"end":{"line":81,"column":52}},"13":{"start":{"line":88,"column":8},"end":{"line":88,"column":46}},"14":{"start":{"line":90,"column":8},"end":{"line":90,"column":31}},"15":{"start":{"line":103,"column":8},"end":{"line":103,"column":35}},"16":{"start":{"line":112,"column":8},"end":{"line":112,"column":50}},"17":{"start":{"line":121,"column":8},"end":{"line":121,"column":50}},"18":{"start":{"line":130,"column":8},"end":{"line":130,"column":35}}},"branchMap":{"1":{"line":64,"type":"if","locations":[{"start":{"line":64,"column":54},"end":{"line":64,"column":54}},{"start":{"line":64,"column":54},"end":{"line":64,"column":54}}]},"2":{"line":65,"type":"if","locations":[{"start":{"line":65,"column":8},"end":{"line":65,"column":8}},{"start":{"line":65,"column":8},"end":{"line":65,"column":8}}]},"3":{"line":71,"type":"if","locations":[{"start":{"line":71,"column":78},"end":{"line":71,"column":78}},{"start":{"line":71,"column":78},"end":{"line":71,"column":78}}]},"4":{"line":72,"type":"if","locations":[{"start":{"line":72,"column":8},"end":{"line":72,"column":8}},{"start":{"line":72,"column":8},"end":{"line":72,"column":8}}]},"5":{"line":73,"type":"if","locations":[{"start":{"line":73,"column":8},"end":{"line":73,"column":8}},{"start":{"line":73,"column":8},"end":{"line":73,"column":8}}]},"6":{"line":74,"type":"if","locations":[{"start":{"line":74,"column":8},"end":{"line":74,"column":8}},{"start":{"line":74,"column":8},"end":{"line":74,"column":8}}]},"7":{"line":87,"type":"if","locations":[{"start":{"line":87,"column":47},"end":{"line":87,"column":47}},{"start":{"line":87,"column":47},"end":{"line":87,"column":47}}]},"8":{"line":88,"type":"if","locations":[{"start":{"line":88,"column":8},"end":{"line":88,"column":8}},{"start":{"line":88,"column":8},"end":{"line":88,"column":8}}]}}},
"contracts\\StackelbergGameOffChain.sol":{"l":{"10":4,"12":3,"13":3,"15":1,"16":5,"17":5,"20":1,"21":1},"path":"C:\\Users\\usuario\\Documents\\CF_m_MIMO_SG_github\\contracts\\StackelbergGameOffChain.sol","s":{"1":4,"2":3,"3":3,"4":1,"5":1},"b":{"1":[4,1],"2":[3,1],"3":[1,2]},"f":{"1":2,"2":4},"fnMap":{"1":{"name":"constructor","line":7,"loc":{"start":{"line":7,"column":4},"end":{"line":7,"column":57}}},"2":{"name":"output","line":9,"loc":{"start":{"line":9,"column":4},"end":{"line":22,"column":4}}}},"statementMap":{"1":{"start":{"line":10,"column":8},"end":{"line":10,"column":49}},"2":{"start":{"line":12,"column":8},"end":{"line":12,"column":65}},"3":{"start":{"line":13,"column":8},"end":{"line":13,"column":115}},"4":{"start":{"line":15,"column":8},"end":{"line":15,"column":576}},"5":{"start":{"line":21,"column":8},"end":{"line":21,"column":29}}},"branchMap":{"1":{"line":9,"type":"if","locations":[{"start":{"line":9,"column":79},"end":{"line":9,"column":79}},{"start":{"line":9,"column":79},"end":{"line":9,"column":79}}]},"2":{"line":10,"type":"if","locations":[{"start":{"line":10,"column":8},"end":{"line":10,"column":8}},{"start":{"line":10,"column":8},"end":{"line":10,"column":8}}]},"3":{"line":13,"type":"if","locations":[{"start":{"line":13,"column":8},"end":{"line":13,"column":8}},{"start":{"line":13,"column":8},"end":{"line":13,"column":8}}]}}},
"contracts\\StackelbergGameOnChain.sol":{"l":{"13":2,"14":1,"15":1,"17":1,"18":1,"20":1,"21":5,"22":5,"25":1,"28":1,"29":1,"31":1,"32":5,"33":5,"35":1,"37":1,"39":1,"40":5,"41":5,"44":1,"47":1,"48":5,"49":0,"50":0,"54":1,"57":0,"58":0,"59":0,"60":0,"65":0,"66":0,"68":0,"69":0,"74":1,"75":5,"76":5,"77":5,"80":1},"path":"C:\\Users\\usuario\\Documents\\CF_m_MIMO_SG_github\\contracts\\StackelbergGameOnChain.sol","s":{"1":2,"2":1,"3":1,"4":1,"5":1,"6":1,"7":1,"8":1,"9":1,"10":1,"11":1,"12":1,"13":1,"14":5,"15":1,"16":0,"17":0,"18":0,"19":1,"20":5,"21":1},"b":{"1":[2,1],"2":[1,1],"3":[0,5],"4":[0,1],"5":[0,0]},"f":{"1":2,"2":2},"fnMap":{"1":{"name":"constructor","line":8,"loc":{"start":{"line":8,"column":4},"end":{"line":8,"column":57}}},"2":{"name":"solveStackelbergGame","line":12,"loc":{"start":{"line":12,"column":4},"end":{"line":81,"column":4}}}},"statementMap":{"1":{"start":{"line":13,"column":8},"end":{"line":13,"column":49}},"2":{"start":{"line":14,"column":8},"end":{"line":14,"column":58}},"3":{"start":{"line":15,"column":8},"end":{"line":15,"column":60}},"4":{"start":{"line":17,"column":8},"end":{"line":17,"column":75}},"5":{"start":{"line":18,"column":8},"end":{"line":18,"column":27}},"6":{"start":{"line":20,"column":8},"end":{"line":20,"column":700}},"7":{"start":{"line":25,"column":8},"end":{"line":25,"column":870}},"8":{"start":{"line":28,"column":12},"end":{"line":28,"column":33}},"9":{"start":{"line":29,"column":12},"end":{"line":29,"column":33}},"10":{"start":{"line":31,"column":12},"end":{"line":31,"column":1025}},"11":{"start":{"line":37,"column":12},"end":{"line":37,"column":49}},"12":{"start":{"line":39,"column":12},"end":{"line":39,"column":1432}},"13":{"start":{"line":47,"column":12},"end":{"line":47,"column":1976}},"14":{"start":{"line":48,"column":16},"end":{"line":48,"column":2042}},"15":{"start":{"line":54,"column":12},"end":{"line":54,"column":2187}},"16":{"start":{"line":57,"column":16},"end":{"line":57,"column":30}},"17":{"start":{"line":58,"column":16},"end":{"line":58,"column":2284}},"18":{"start":{"line":59,"column":20},"end":{"line":59,"column":2354}},"19":{"start":{"line":74,"column":8},"end":{"line":74,"column":2756}},"20":{"start":{"line":75,"column":12},"end":{"line":75,"column":54}},"21":{"start":{"line":80,"column":8},"end":{"line":80,"column":38}}},"branchMap":{"1":{"line":12,"type":"if","locations":[{"start":{"line":12,"column":53},"end":{"line":12,"column":53}},{"start":{"line":12,"column":53},"end":{"line":12,"column":53}}]},"2":{"line":13,"type":"if","locations":[{"start":{"line":13,"column":8},"end":{"line":13,"column":8}},{"start":{"line":13,"column":8},"end":{"line":13,"column":8}}]},"3":{"line":48,"type":"if","locations":[{"start":{"line":48,"column":16},"end":{"line":48,"column":16}},{"start":{"line":48,"column":16},"end":{"line":48,"column":16}}]},"4":{"line":54,"type":"if","locations":[{"start":{"line":54,"column":12},"end":{"line":54,"column":12}},{"start":{"line":54,"column":12},"end":{"line":54,"column":12}}]},"5":{"line":59,"type":"if","locations":[{"start":{"line":59,"column":20},"end":{"line":59,"column":20}},{"start":{"line":59,"column":20},"end":{"line":59,"column":20}}]}}}}
