TN:
SF:C:\Users\usuario\Documents\CF_m_MIMO_SG_github\contracts\StackelbergGame.sol
FN:48,constructor
FN:64,initialize
FN:71,input
FN:87,initEvaluation
FN:102,participantsOf
FN:111,priceOf
FN:120,bandwidthOf
FN:129,stateOf
FNF:8
FNH:8
FNDA:4,constructor
FNDA:11,initialize
FNDA:31,input
FNDA:6,initEvaluation
FNDA:1,participantsOf
FNDA:5,priceOf
FNDA:5,bandwidthOf
FNDA:6,stateOf
DA:49,4
DA:52,4
DA:54,4
DA:55,4
DA:56,20
DA:65,11
DA:66,10
DA:67,10
DA:68,10
DA:72,31
DA:73,30
DA:74,27
DA:76,26
DA:77,26
DA:78,26
DA:79,26
DA:81,26
DA:88,6
DA:89,5
DA:90,5
DA:103,1
DA:112,5
DA:121,5
DA:130,6
LF:24
LH:24
BRDA:64,1,0,11
BRDA:64,1,1,1
BRDA:65,2,0,10
BRDA:65,2,1,1
BRDA:71,3,0,31
BRDA:71,3,1,1
BRDA:72,4,0,30
BRDA:72,4,1,1
BRDA:73,5,0,27
BRDA:73,5,1,3
BRDA:74,6,0,26
BRDA:74,6,1,1
BRDA:87,7,0,6
BRDA:87,7,1,1
BRDA:88,8,0,5
BRDA:88,8,1,1
BRF:16
BRH:16
end_of_record
TN:
SF:C:\Users\usuario\Documents\CF_m_MIMO_SG_github\contracts\StackelbergGameOffChain.sol
FN:7,constructor
FN:9,output
FNF:2
FNH:2
FNDA:2,constructor
FNDA:4,output
DA:10,4
DA:12,3
DA:13,3
DA:15,1
DA:16,5
DA:17,5
DA:20,1
DA:21,1
LF:8
LH:8
BRDA:9,1,0,4
BRDA:9,1,1,1
BRDA:10,2,0,3
BRDA:10,2,1,1
BRDA:13,3,0,1
BRDA:13,3,1,2
BRF:6
BRH:6
end_of_record
TN:
SF:C:\Users\usuario\Documents\CF_m_MIMO_SG_github\contracts\StackelbergGameOnChain.sol
FN:8,constructor
FN:12,solveStackelbergGame
FNF:2
FNH:2
FNDA:2,constructor
FNDA:2,solveStackelbergGame
DA:13,2
DA:14,1
DA:15,1
DA:17,1
DA:18,1
DA:20,1
DA:21,5
DA:22,5
DA:25,1
DA:28,1
DA:29,1
DA:31,1
DA:32,5
DA:33,5
DA:35,1
DA:37,1
DA:39,1
DA:40,5
DA:41,5
DA:44,1
DA:47,1
DA:48,5
DA:49,0
DA:50,0
DA:54,1
DA:57,0
DA:58,0
DA:59,0
DA:60,0
DA:65,0
DA:66,0
DA:68,0
DA:69,0
DA:74,1
DA:75,5
DA:76,5
DA:77,5
DA:80,1
LF:38
LH:28
BRDA:12,1,0,2
BRDA:12,1,1,1
BRDA:13,2,0,1
BRDA:13,2,1,1
BRDA:48,3,0,0
BRDA:48,3,1,5
BRDA:54,4,0,0
BRDA:54,4,1,1
BRDA:59,5,0,0
BRDA:59,5,1,0
BRF:10
BRH:6
end_of_record
